<?xml version="1.0" encoding="UTF-8"?>
<!-- Generated by org.testng.reporters.JUnitReportReporter -->
<testsuite skipped="0" hostname="VSI-LAP-33" name="keyword.RunScripts" tests="1" failures="0" timestamp="11 Apr 2017 06:45:46 GMT" time="42.237" errors="0">
  <testcase name="runScripts" time="42.237" classname="keyword.RunScripts"/>
</testsuite> <!-- keyword.RunScripts -->
