<?xml version="1.0" encoding="UTF-8"?>
<!-- Generated by org.testng.reporters.JUnitReportReporter -->
<testsuite skipped="0" hostname="VSI-LAP-33" name="keyword.RunScripts" tests="1" failures="0" timestamp="29 Mar 2017 14:50:41 GMT" time="54.327" errors="0">
  <testcase name="runScripts" time="54.327" classname="keyword.RunScripts"/>
</testsuite> <!-- keyword.RunScripts -->
