<?xml version="1.0" encoding="UTF-8"?>
<!-- Generated by org.testng.reporters.JUnitReportReporter -->
<testsuite skipped="0" hostname="VSI-LAP-33" name="keyword.RunScripts" tests="1" failures="0" timestamp="12 Apr 2017 11:00:19 GMT" time="50.748" errors="0">
  <testcase name="runScripts" time="50.748" classname="keyword.RunScripts"/>
</testsuite> <!-- keyword.RunScripts -->
