<?xml version="1.0" encoding="UTF-8"?>
<!-- Generated by org.testng.reporters.JUnitReportReporter -->
<testsuite skipped="0" hostname="VSI-LAP-33" name="keyword.RunScripts" tests="1" failures="0" timestamp="13 Apr 2017 12:17:48 GMT" time="24.993" errors="0">
  <testcase name="runScripts" time="24.993" classname="keyword.RunScripts"/>
</testsuite> <!-- keyword.RunScripts -->
