<?xml version="1.0" encoding="UTF-8"?>
<!-- Generated by org.testng.reporters.JUnitReportReporter -->
<testsuite skipped="0" hostname="VSI-LAP-33" name="keyword.RunScripts" tests="1" failures="0" timestamp="06 Apr 2017 05:40:52 GMT" time="71.956" errors="0">
  <testcase name="runScripts" time="71.956" classname="keyword.RunScripts"/>
</testsuite> <!-- keyword.RunScripts -->
